# This is a sample menu.lst file. You should make some changes to it.
# The old install method of booting via the stage-files has been removed.
# Please install GRLDR boot strap code to MBR with the bootlace.com
# utility under DOS/Win9x or Linux.

color blue/green yellow/red white/magenta white/magenta
timeout 30
default /default

title Find and load NTLDR of Windows NT/2K/XP
fallback 1
find --set-root --ignore-floppies /ntldr
chainloader /ntldr
savedefault --wait=2

title Find and load BOOTMGR of Windows VISTA/WIN7
fallback 2
find --set-root --ignore-floppies /bootmgr
chainloader /bootmgr
savedefault --wait=2

title Reboot
reboot

title Halt
halt

###############################################################################
